e:\allproject\vs\pubg_mortar\pubg_mortar\pch.pch
e:\allproject\vs\pubg_mortar\pubg_mortar\x64\debug\vc143.pdb
e:\allproject\vs\pubg_mortar\pubg_mortar\x64\debug\vc143.idb
e:\allproject\vs\pubg_mortar\pubg_mortar\x64\debug\hookhandler.obj
e:\allproject\vs\pubg_mortar\pubg_mortar\x64\debug\main.obj
e:\allproject\vs\pubg_mortar\pubg_mortar\x64\debug\mainwindow.obj
e:\allproject\vs\pubg_mortar\pubg_mortar\x64\debug\setting.obj
e:\allproject\vs\pubg_mortar\x64\debug\pubg_mortar.exe
e:\allproject\vs\pubg_mortar\x64\debug\pubg_mortar.pdb
e:\allproject\vs\pubg_mortar\pubg_mortar\x64\debug\pubg_mortar.res
e:\allproject\vs\pubg_mortar\pubg_mortar\x64\debug\pubg_mortar.ilk
e:\allproject\vs\pubg_mortar\pubg_mortar\x64\debug\pubg_mortar.tlog\cl.command.1.tlog
e:\allproject\vs\pubg_mortar\pubg_mortar\x64\debug\pubg_mortar.tlog\cl.items.tlog
e:\allproject\vs\pubg_mortar\pubg_mortar\x64\debug\pubg_mortar.tlog\cl.read.1.tlog
e:\allproject\vs\pubg_mortar\pubg_mortar\x64\debug\pubg_mortar.tlog\cl.write.1.tlog
e:\allproject\vs\pubg_mortar\pubg_mortar\x64\debug\pubg_mortar.tlog\link.command.1.tlog
e:\allproject\vs\pubg_mortar\pubg_mortar\x64\debug\pubg_mortar.tlog\link.read.1.tlog
e:\allproject\vs\pubg_mortar\pubg_mortar\x64\debug\pubg_mortar.tlog\link.secondary.1.tlog
e:\allproject\vs\pubg_mortar\pubg_mortar\x64\debug\pubg_mortar.tlog\link.write.1.tlog
e:\allproject\vs\pubg_mortar\pubg_mortar\x64\debug\pubg_mortar.tlog\rc.command.1.tlog
e:\allproject\vs\pubg_mortar\pubg_mortar\x64\debug\pubg_mortar.tlog\rc.read.1.tlog
e:\allproject\vs\pubg_mortar\pubg_mortar\x64\debug\pubg_mortar.tlog\rc.write.1.tlog
